#
# There is insufficient memory for the Java Runtime Environment to continue.
# Native memory allocation (malloc) failed to allocate 32744 bytes for ChunkPool::allocate
# Possible reasons:
#   The system is out of physical RAM or swap space
#   The process is running with CompressedOops enabled, and the Java Heap may be blocking the growth of the native heap
# Possible solutions:
#   Reduce memory load on the system
#   Increase physical memory or swap space
#   Check if swap backing store is full
#   Decrease Java heap size (-Xmx/-Xms)
#   Decrease number of Java threads
#   Decrease Java thread stack sizes (-Xss)
#   Set larger code cache with -XX:ReservedCodeCacheSize=
#   JVM is running with Unscaled Compressed Oops mode in which the Java heap is
#     placed in the first 4GB address space. The Java Heap base address is the
#     maximum limit for the native heap growth. Please use -XX:HeapBaseMinAddress
#     to set the Java Heap base and to place the Java Heap above 4GB virtual address.
# This output file may be truncated or incomplete.
#
#  Out of Memory Error (arena.cpp:78), pid=3504, tid=10068
#
# JRE version: Java(TM) SE Runtime Environment (17.0.7+8) (build 17.0.7+8-LTS-224)
# Java VM: Java HotSpot(TM) 64-Bit Server VM (17.0.7+8-LTS-224, mixed mode, sharing, tiered, compressed oops, compressed class ptrs, g1 gc, windows-amd64)
# No core dump will be written. Minidumps are not enabled by default on client versions of Windows
#

---------------  S U M M A R Y ------------

Command Line: -javaagent:C:\Program Files\JetBrains\IntelliJ IDEA 2021.3.3\lib\idea_rt.jar=58344:C:\Program Files\JetBrains\IntelliJ IDEA 2021.3.3\bin -Dfile.encoding=UTF-8 Server.ServerJWS

Host: 11th Gen Intel(R) Core(TM) i5-1135G7 @ 2.40GHz, 8 cores, 7G,  Windows 11 , 64 bit Build 22621 (10.0.22621.4391)
Time: Sun Dec 15 11:38:32 2024 Maroc (heure d64 bit Build 22621 (10.0.22621.4391) elapsed time: 0.321401 seconds (0d 0h 0m 0s)

---------------  T H R E A D  ---------------

Current thread (0x000001d82f251650):  JavaThread "C1 CompilerThread0" daemon [_thread_in_native, id=10068, stack(0x000000baa1d00000,0x000000baa1e00000)]


Current CompileTask:
C1:    321  512       3       java.net.URLStreamHandler::parseURL (1201 bytes)

Stack: [0x000000baa1d00000,0x000000baa1e00000]
Native frames: (J=compiled Java code, j=interpreted, Vv=VM code, C=native code)
V  [jvm.dll+0x676a4a]
V  [jvm.dll+0x7d74f4]
V  [jvm.dll+0x7d8c9e]
V  [jvm.dll+0x7d9303]
V  [jvm.dll+0x2452c5]
V  [jvm.dll+0xaac80]
V  [jvm.dll+0xaafcc]
V  [jvm.dll+0x1754b3]
V  [jvm.dll+0x17557e]
V  [jvm.dll+0x177d92]
V  [jvm.dll+0x1798f1]
V  [jvm.dll+0x1348a3]
V  [jvm.dll+0x1341af]
V  [jvm.dll+0x1343e8]
V  [jvm.dll+0x133881]
V  [jvm.dll+0x13552d]
V  [jvm.dll+0x226a6e]
V  [jvm.dll+0x224e15]
V  [jvm.dll+0x78d05c]
V  [jvm.dll+0x78759a]
V  [jvm.dll+0x675875]
C  [ucrtbase.dll+0x29333]
C  [KERNEL32.DLL+0x1259d]
C  [ntdll.dll+0x5af38]


---------------  P R O C E S S  ---------------

Threads class SMR info:
_java_thread_list=0x000001d82ff8c610, length=14, elements={
0x000001d80f674bf0, 0x000001d82f238420, 0x000001d82f23aee0, 0x000001d82f24ade0,
0x000001d82f24b790, 0x000001d82f24e150, 0x000001d82f24eb00, 0x000001d82f24f890,
0x000001d82f251650, 0x000001d82f25af70, 0x000001d82fde9a10, 0x000001d82feba6c0,
0x000001d82feb9eb0, 0x000001d83000ff60
}

Java Threads: ( => current thread )
  0x000001d80f674bf0 JavaThread "main" [_thread_in_vm, id=16604, stack(0x000000baa0f00000,0x000000baa1000000)]
  0x000001d82f238420 JavaThread "Reference Handler" daemon [_thread_blocked, id=15756, stack(0x000000baa1600000,0x000000baa1700000)]
  0x000001d82f23aee0 JavaThread "Finalizer" daemon [_thread_blocked, id=11608, stack(0x000000baa1700000,0x000000baa1800000)]
  0x000001d82f24ade0 JavaThread "Signal Dispatcher" daemon [_thread_blocked, id=11492, stack(0x000000baa1800000,0x000000baa1900000)]
  0x000001d82f24b790 JavaThread "Attach Listener" daemon [_thread_blocked, id=12152, stack(0x000000baa1900000,0x000000baa1a00000)]
  0x000001d82f24e150 JavaThread "Service Thread" daemon [_thread_blocked, id=13760, stack(0x000000baa1a00000,0x000000baa1b00000)]
  0x000001d82f24eb00 JavaThread "Monitor Deflation Thread" daemon [_thread_blocked, id=17396, stack(0x000000baa1b00000,0x000000baa1c00000)]
  0x000001d82f24f890 JavaThread "C2 CompilerThread0" daemon [_thread_in_native, id=6884, stack(0x000000baa1c00000,0x000000baa1d00000)]
=>0x000001d82f251650 JavaThread "C1 CompilerThread0" daemon [_thread_in_native, id=10068, stack(0x000000baa1d00000,0x000000baa1e00000)]
  0x000001d82f25af70 JavaThread "Sweeper thread" daemon [_thread_blocked, id=16864, stack(0x000000baa1e00000,0x000000baa1f00000)]
  0x000001d82fde9a10 JavaThread "Common-Cleaner" daemon [_thread_blocked, id=13056, stack(0x000000baa1f00000,0x000000baa2000000)]
  0x000001d82feba6c0 JavaThread "C2 CompilerThread1" daemon [_thread_blocked, id=12892, stack(0x000000baa2000000,0x000000baa2100000)]
  0x000001d82feb9eb0 JavaThread "Monitor Ctrl-Break" daemon [_thread_in_native, id=13112, stack(0x000000baa2100000,0x000000baa2200000)]
  0x000001d83000ff60 JavaThread "Notification Thread" daemon [_thread_blocked, id=7764, stack(0x000000baa2200000,0x000000baa2300000)]

Other Threads:
  0x000001d82f234990 VMThread "VM Thread" [stack: 0x000000baa1500000,0x000000baa1600000] [id=1260]
  0x000001d80f6e97f0 WatcherThread [stack: 0x000000baa2300000,0x000000baa2400000] [id=10952]
  0x000001d80f6cccd0 GCTaskThread "GC Thread#0" [stack: 0x000000baa1000000,0x000000baa1100000] [id=16284]
  0x000001d80f6dc950 ConcurrentGCThread "G1 Main Marker" [stack: 0x000000baa1100000,0x000000baa1200000] [id=7020]
  0x000001d80f6dd360 ConcurrentGCThread "G1 Conc#0" [stack: 0x000000baa1200000,0x000000baa1300000] [id=13088]
  0x000001d82f0f20b0 ConcurrentGCThread "G1 Refine#0" [stack: 0x000000baa1300000,0x000000baa1400000] [id=1632]
  0x000001d82f0f2ad0 ConcurrentGCThread "G1 Service" [stack: 0x000000baa1400000,0x000000baa1500000] [id=16232]

Threads with active compile tasks:
C2 CompilerThread0      331  537       4       java.util.HashMap::putVal (300 bytes)
C1 CompilerThread0      331  512       3       java.net.URLStreamHandler::parseURL (1201 bytes)

VM state: not at safepoint (normal execution)

VM Mutex/Monitor currently owned by a thread:  ([mutex/lock_event])
[0x000001d80f66fd30] Metaspace_lock - owner thread: 0x000001d80f674bf0

Heap address: 0x0000000089600000, size: 1898 MB, Compressed Oops mode: 32-bit

CDS archive(s) mapped at: [0x0000000800000000-0x0000000800bd0000-0x0000000800bd0000), size 12386304, SharedBaseAddress: 0x0000000800000000, ArchiveRelocationMode: 0.
Compressed class space mapped at: 0x0000000800c00000-0x0000000840c00000, reserved size: 1073741824
Narrow klass base: 0x0000000800000000, Narrow klass shift: 0, Narrow klass range: 0x100000000

GC Precious Log:
 CPUs: 8 total, 8 available
 Memory: 7589M
 Large Page Support: Disabled
 NUMA Support: Disabled
 Compressed Oops: Enabled (32-bit)
 Heap Region Size: 1M
 Heap Min Capacity: 8M
 Heap Initial Capacity: 120M
 Heap Max Capacity: 1898M
 Pre-touch: Disabled
 Parallel Workers: 8
 Concurrent Workers: 2
 Concurrent Refinement Workers: 8
 Periodic GC: Disabled

Heap:
 garbage-first heap   total 122880K, used 7168K [0x0000000089600000, 0x0000000100000000)
  region size 1024K, 9 young (9216K), 0 survivors (0K)
 Metaspace       used 2260K, committed 2368K, reserved 1056768K
  class space    used 241K, committed 320K, reserved 1048576K

Heap Regions: E=young(eden), S=young(survivor), O=old, HS=humongous(starts), HC=humongous(continues), CS=collection set, F=free, OA=open archive, CA=closed archive, TAMS=top-at-mark-start (previous, next)
|   0|0x0000000089600000, 0x0000000089600000, 0x0000000089700000|  0%| F|  |TAMS 0x0000000089600000, 0x0000000089600000| Untracked 
|   1|0x0000000089700000, 0x0000000089700000, 0x0000000089800000|  0%| F|  |TAMS 0x0000000089700000, 0x0000000089700000| Untracked 
|   2|0x0000000089800000, 0x0000000089800000, 0x0000000089900000|  0%| F|  |TAMS 0x0000000089800000, 0x0000000089800000| Untracked 
|   3|0x0000000089900000, 0x0000000089900000, 0x0000000089a00000|  0%| F|  |TAMS 0x0000000089900000, 0x0000000089900000| Untracked 
|   4|0x0000000089a00000, 0x0000000089a00000, 0x0000000089b00000|  0%| F|  |TAMS 0x0000000089a00000, 0x0000000089a00000| Untracked 
|   5|0x0000000089b00000, 0x0000000089b00000, 0x0000000089c00000|  0%| F|  |TAMS 0x0000000089b00000, 0x0000000089b00000| Untracked 
|   6|0x0000000089c00000, 0x0000000089c00000, 0x0000000089d00000|  0%| F|  |TAMS 0x0000000089c00000, 0x0000000089c00000| Untracked 
|   7|0x0000000089d00000, 0x0000000089d00000, 0x0000000089e00000|  0%| F|  |TAMS 0x0000000089d00000, 0x0000000089d00000| Untracked 
|   8|0x0000000089e00000, 0x0000000089e00000, 0x0000000089f00000|  0%| F|  |TAMS 0x0000000089e00000, 0x0000000089e00000| Untracked 
|   9|0x0000000089f00000, 0x0000000089f00000, 0x000000008a000000|  0%| F|  |TAMS 0x0000000089f00000, 0x0000000089f00000| Untracked 
|  10|0x000000008a000000, 0x000000008a000000, 0x000000008a100000|  0%| F|  |TAMS 0x000000008a000000, 0x000000008a000000| Untracked 
|  11|0x000000008a100000, 0x000000008a100000, 0x000000008a200000|  0%| F|  |TAMS 0x000000008a100000, 0x000000008a100000| Untracked 
|  12|0x000000008a200000, 0x000000008a200000, 0x000000008a300000|  0%| F|  |TAMS 0x000000008a200000, 0x000000008a200000| Untracked 
|  13|0x000000008a300000, 0x000000008a300000, 0x000000008a400000|  0%| F|  |TAMS 0x000000008a300000, 0x000000008a300000| Untracked 
|  14|0x000000008a400000, 0x000000008a400000, 0x000000008a500000|  0%| F|  |TAMS 0x000000008a400000, 0x000000008a400000| Untracked 
|  15|0x000000008a500000, 0x000000008a500000, 0x000000008a600000|  0%| F|  |TAMS 0x000000008a500000, 0x000000008a500000| Untracked 
|  16|0x000000008a600000, 0x000000008a600000, 0x000000008a700000|  0%| F|  |TAMS 0x000000008a600000, 0x000000008a600000| Untracked 
|  17|0x000000008a700000, 0x000000008a700000, 0x000000008a800000|  0%| F|  |TAMS 0x000000008a700000, 0x000000008a700000| Untracked 
|  18|0x000000008a800000, 0x000000008a800000, 0x000000008a900000|  0%| F|  |TAMS 0x000000008a800000, 0x000000008a800000| Untracked 
|  19|0x000000008a900000, 0x000000008a900000, 0x000000008aa00000|  0%| F|  |TAMS 0x000000008a900000, 0x000000008a900000| Untracked 
|  20|0x000000008aa00000, 0x000000008aa00000, 0x000000008ab00000|  0%| F|  |TAMS 0x000000008aa00000, 0x000000008aa00000| Untracked 
|  21|0x000000008ab00000, 0x000000008ab00000, 0x000000008ac00000|  0%| F|  |TAMS 0x000000008ab00000, 0x000000008ab00000| Untracked 
|  22|0x000000008ac00000, 0x000000008ac00000, 0x000000008ad00000|  0%| F|  |TAMS 0x000000008ac00000, 0x000000008ac00000| Untracked 
|  23|0x000000008ad00000, 0x000000008ad00000, 0x000000008ae00000|  0%| F|  |TAMS 0x000000008ad00000, 0x000000008ad00000| Untracked 
|  24|0x000000008ae00000, 0x000000008ae00000, 0x000000008af00000|  0%| F|  |TAMS 0x000000008ae00000, 0x000000008ae00000| Untracked 
|  25|0x000000008af00000, 0x000000008af00000, 0x000000008b000000|  0%| F|  |TAMS 0x000000008af00000, 0x000000008af00000| Untracked 
|  26|0x000000008b000000, 0x000000008b000000, 0x000000008b100000|  0%| F|  |TAMS 0x000000008b000000, 0x000000008b000000| Untracked 
|  27|0x000000008b100000, 0x000000008b100000, 0x000000008b200000|  0%| F|  |TAMS 0x000000008b100000, 0x000000008b100000| Untracked 
|  28|0x000000008b200000, 0x000000008b200000, 0x000000008b300000|  0%| F|  |TAMS 0x000000008b200000, 0x000000008b200000| Untracked 
|  29|0x000000008b300000, 0x000000008b300000, 0x000000008b400000|  0%| F|  |TAMS 0x000000008b300000, 0x000000008b300000| Untracked 
|  30|0x000000008b400000, 0x000000008b400000, 0x000000008b500000|  0%| F|  |TAMS 0x000000008b400000, 0x000000008b400000| Untracked 
|  31|0x000000008b500000, 0x000000008b500000, 0x000000008b600000|  0%| F|  |TAMS 0x000000008b500000, 0x000000008b500000| Untracked 
|  32|0x000000008b600000, 0x000000008b600000, 0x000000008b700000|  0%| F|  |TAMS 0x000000008b600000, 0x000000008b600000| Untracked 
|  33|0x000000008b700000, 0x000000008b700000, 0x000000008b800000|  0%| F|  |TAMS 0x000000008b700000, 0x000000008b700000| Untracked 
|  34|0x000000008b800000, 0x000000008b800000, 0x000000008b900000|  0%| F|  |TAMS 0x000000008b800000, 0x000000008b800000| Untracked 
|  35|0x000000008b900000, 0x000000008b900000, 0x000000008ba00000|  0%| F|  |TAMS 0x000000008b900000, 0x000000008b900000| Untracked 
|  36|0x000000008ba00000, 0x000000008ba00000, 0x000000008bb00000|  0%| F|  |TAMS 0x000000008ba00000, 0x000000008ba00000| Untracked 
|  37|0x000000008bb00000, 0x000000008bb00000, 0x000000008bc00000|  0%| F|  |TAMS 0x000000008bb00000, 0x000000008bb00000| Untracked 
|  38|0x000000008bc00000, 0x000000008bc00000, 0x000000008bd00000|  0%| F|  |TAMS 0x000000008bc00000, 0x000000008bc00000| Untracked 
|  39|0x000000008bd00000, 0x000000008bd00000, 0x000000008be00000|  0%| F|  |TAMS 0x000000008bd00000, 0x000000008bd00000| Untracked 
|  40|0x000000008be00000, 0x000000008be00000, 0x000000008bf00000|  0%| F|  |TAMS 0x000000008be00000, 0x000000008be00000| Untracked 
|  41|0x000000008bf00000, 0x000000008bf00000, 0x000000008c000000|  0%| F|  |TAMS 0x000000008bf00000, 0x000000008bf00000| Untracked 
|  42|0x000000008c000000, 0x000000008c000000, 0x000000008c100000|  0%| F|  |TAMS 0x000000008c000000, 0x000000008c000000| Untracked 
|  43|0x000000008c100000, 0x000000008c100000, 0x000000008c200000|  0%| F|  |TAMS 0x000000008c100000, 0x000000008c100000| Untracked 
|  44|0x000000008c200000, 0x000000008c200000, 0x000000008c300000|  0%| F|  |TAMS 0x000000008c200000, 0x000000008c200000| Untracked 
|  45|0x000000008c300000, 0x000000008c300000, 0x000000008c400000|  0%| F|  |TAMS 0x000000008c300000, 0x000000008c300000| Untracked 
|  46|0x000000008c400000, 0x000000008c400000, 0x000000008c500000|  0%| F|  |TAMS 0x000000008c400000, 0x000000008c400000| Untracked 
|  47|0x000000008c500000, 0x000000008c500000, 0x000000008c600000|  0%| F|  |TAMS 0x000000008c500000, 0x000000008c500000| Untracked 
|  48|0x000000008c600000, 0x000000008c600000, 0x000000008c700000|  0%| F|  |TAMS 0x000000008c600000, 0x000000008c600000| Untracked 
|  49|0x000000008c700000, 0x000000008c700000, 0x000000008c800000|  0%| F|  |TAMS 0x000000008c700000, 0x000000008c700000| Untracked 
|  50|0x000000008c800000, 0x000000008c800000, 0x000000008c900000|  0%| F|  |TAMS 0x000000008c800000, 0x000000008c800000| Untracked 
|  51|0x000000008c900000, 0x000000008c900000, 0x000000008ca00000|  0%| F|  |TAMS 0x000000008c900000, 0x000000008c900000| Untracked 
|  52|0x000000008ca00000, 0x000000008ca00000, 0x000000008cb00000|  0%| F|  |TAMS 0x000000008ca00000, 0x000000008ca00000| Untracked 
|  53|0x000000008cb00000, 0x000000008cb00000, 0x000000008cc00000|  0%| F|  |TAMS 0x000000008cb00000, 0x000000008cb00000| Untracked 
|  54|0x000000008cc00000, 0x000000008cc00000, 0x000000008cd00000|  0%| F|  |TAMS 0x000000008cc00000, 0x000000008cc00000| Untracked 
|  55|0x000000008cd00000, 0x000000008cd00000, 0x000000008ce00000|  0%| F|  |TAMS 0x000000008cd00000, 0x000000008cd00000| Untracked 
|  56|0x000000008ce00000, 0x000000008ce00000, 0x000000008cf00000|  0%| F|  |TAMS 0x000000008ce00000, 0x000000008ce00000| Untracked 
|  57|0x000000008cf00000, 0x000000008cf00000, 0x000000008d000000|  0%| F|  |TAMS 0x000000008cf00000, 0x000000008cf00000| Untracked 
|  58|0x000000008d000000, 0x000000008d000000, 0x000000008d100000|  0%| F|  |TAMS 0x000000008d000000, 0x000000008d000000| Untracked 
|  59|0x000000008d100000, 0x000000008d100000, 0x000000008d200000|  0%| F|  |TAMS 0x000000008d100000, 0x000000008d100000| Untracked 
|  60|0x000000008d200000, 0x000000008d200000, 0x000000008d300000|  0%| F|  |TAMS 0x000000008d200000, 0x000000008d200000| Untracked 
|  61|0x000000008d300000, 0x000000008d300000, 0x000000008d400000|  0%| F|  |TAMS 0x000000008d300000, 0x000000008d300000| Untracked 
|  62|0x000000008d400000, 0x000000008d400000, 0x000000008d500000|  0%| F|  |TAMS 0x000000008d400000, 0x000000008d400000| Untracked 
|  63|0x000000008d500000, 0x000000008d500000, 0x000000008d600000|  0%| F|  |TAMS 0x000000008d500000, 0x000000008d500000| Untracked 
|  64|0x000000008d600000, 0x000000008d600000, 0x000000008d700000|  0%| F|  |TAMS 0x000000008d600000, 0x000000008d600000| Untracked 
|  65|0x000000008d700000, 0x000000008d700000, 0x000000008d800000|  0%| F|  |TAMS 0x000000008d700000, 0x000000008d700000| Untracked 
|  66|0x000000008d800000, 0x000000008d800000, 0x000000008d900000|  0%| F|  |TAMS 0x000000008d800000, 0x000000008d800000| Untracked 
|  67|0x000000008d900000, 0x000000008d900000, 0x000000008da00000|  0%| F|  |TAMS 0x000000008d900000, 0x000000008d900000| Untracked 
|  68|0x000000008da00000, 0x000000008da00000, 0x000000008db00000|  0%| F|  |TAMS 0x000000008da00000, 0x000000008da00000| Untracked 
|  69|0x000000008db00000, 0x000000008db00000, 0x000000008dc00000|  0%| F|  |TAMS 0x000000008db00000, 0x000000008db00000| Untracked 
|  70|0x000000008dc00000, 0x000000008dc00000, 0x000000008dd00000|  0%| F|  |TAMS 0x000000008dc00000, 0x000000008dc00000| Untracked 
|  71|0x000000008dd00000, 0x000000008dd00000, 0x000000008de00000|  0%| F|  |TAMS 0x000000008dd00000, 0x000000008dd00000| Untracked 
|  72|0x000000008de00000, 0x000000008de00000, 0x000000008df00000|  0%| F|  |TAMS 0x000000008de00000, 0x000000008de00000| Untracked 
|  73|0x000000008df00000, 0x000000008df00000, 0x000000008e000000|  0%| F|  |TAMS 0x000000008df00000, 0x000000008df00000| Untracked 
|  74|0x000000008e000000, 0x000000008e000000, 0x000000008e100000|  0%| F|  |TAMS 0x000000008e000000, 0x000000008e000000| Untracked 
|  75|0x000000008e100000, 0x000000008e100000, 0x000000008e200000|  0%| F|  |TAMS 0x000000008e100000, 0x000000008e100000| Untracked 
|  76|0x000000008e200000, 0x000000008e200000, 0x000000008e300000|  0%| F|  |TAMS 0x000000008e200000, 0x000000008e200000| Untracked 
|  77|0x000000008e300000, 0x000000008e300000, 0x000000008e400000|  0%| F|  |TAMS 0x000000008e300000, 0x000000008e300000| Untracked 
|  78|0x000000008e400000, 0x000000008e400000, 0x000000008e500000|  0%| F|  |TAMS 0x000000008e400000, 0x000000008e400000| Untracked 
|  79|0x000000008e500000, 0x000000008e500000, 0x000000008e600000|  0%| F|  |TAMS 0x000000008e500000, 0x000000008e500000| Untracked 
|  80|0x000000008e600000, 0x000000008e600000, 0x000000008e700000|  0%| F|  |TAMS 0x000000008e600000, 0x000000008e600000| Untracked 
|  81|0x000000008e700000, 0x000000008e700000, 0x000000008e800000|  0%| F|  |TAMS 0x000000008e700000, 0x000000008e700000| Untracked 
|  82|0x000000008e800000, 0x000000008e800000, 0x000000008e900000|  0%| F|  |TAMS 0x000000008e800000, 0x000000008e800000| Untracked 
|  83|0x000000008e900000, 0x000000008e900000, 0x000000008ea00000|  0%| F|  |TAMS 0x000000008e900000, 0x000000008e900000| Untracked 
|  84|0x000000008ea00000, 0x000000008ea00000, 0x000000008eb00000|  0%| F|  |TAMS 0x000000008ea00000, 0x000000008ea00000| Untracked 
|  85|0x000000008eb00000, 0x000000008eb00000, 0x000000008ec00000|  0%| F|  |TAMS 0x000000008eb00000, 0x000000008eb00000| Untracked 
|  86|0x000000008ec00000, 0x000000008ec00000, 0x000000008ed00000|  0%| F|  |TAMS 0x000000008ec00000, 0x000000008ec00000| Untracked 
|  87|0x000000008ed00000, 0x000000008ed00000, 0x000000008ee00000|  0%| F|  |TAMS 0x000000008ed00000, 0x000000008ed00000| Untracked 
|  88|0x000000008ee00000, 0x000000008ee00000, 0x000000008ef00000|  0%| F|  |TAMS 0x000000008ee00000, 0x000000008ee00000| Untracked 
|  89|0x000000008ef00000, 0x000000008ef00000, 0x000000008f000000|  0%| F|  |TAMS 0x000000008ef00000, 0x000000008ef00000| Untracked 
|  90|0x000000008f000000, 0x000000008f000000, 0x000000008f100000|  0%| F|  |TAMS 0x000000008f000000, 0x000000008f000000| Untracked 
|  91|0x000000008f100000, 0x000000008f100000, 0x000000008f200000|  0%| F|  |TAMS 0x000000008f100000, 0x000000008f100000| Untracked 
|  92|0x000000008f200000, 0x000000008f200000, 0x000000008f300000|  0%| F|  |TAMS 0x000000008f200000, 0x000000008f200000| Untracked 
|  93|0x000000008f300000, 0x000000008f300000, 0x000000008f400000|  0%| F|  |TAMS 0x000000008f300000, 0x000000008f300000| Untracked 
|  94|0x000000008f400000, 0x000000008f400000, 0x000000008f500000|  0%| F|  |TAMS 0x000000008f400000, 0x000000008f400000| Untracked 
|  95|0x000000008f500000, 0x000000008f500000, 0x000000008f600000|  0%| F|  |TAMS 0x000000008f500000, 0x000000008f500000| Untracked 
|  96|0x000000008f600000, 0x000000008f600000, 0x000000008f700000|  0%| F|  |TAMS 0x000000008f600000, 0x000000008f600000| Untracked 
|  97|0x000000008f700000, 0x000000008f700000, 0x000000008f800000|  0%| F|  |TAMS 0x000000008f700000, 0x000000008f700000| Untracked 
|  98|0x000000008f800000, 0x000000008f800000, 0x000000008f900000|  0%| F|  |TAMS 0x000000008f800000, 0x000000008f800000| Untracked 
|  99|0x000000008f900000, 0x000000008f900000, 0x000000008fa00000|  0%| F|  |TAMS 0x000000008f900000, 0x000000008f900000| Untracked 
| 100|0x000000008fa00000, 0x000000008fa00000, 0x000000008fb00000|  0%| F|  |TAMS 0x000000008fa00000, 0x000000008fa00000| Untracked 
| 101|0x000000008fb00000, 0x000000008fb00000, 0x000000008fc00000|  0%| F|  |TAMS 0x000000008fb00000, 0x000000008fb00000| Untracked 
| 102|0x000000008fc00000, 0x000000008fc00000, 0x000000008fd00000|  0%| F|  |TAMS 0x000000008fc00000, 0x000000008fc00000| Untracked 
| 103|0x000000008fd00000, 0x000000008fd00000, 0x000000008fe00000|  0%| F|  |TAMS 0x000000008fd00000, 0x000000008fd00000| Untracked 
| 104|0x000000008fe00000, 0x000000008fe00000, 0x000000008ff00000|  0%| F|  |TAMS 0x000000008fe00000, 0x000000008fe00000| Untracked 
| 105|0x000000008ff00000, 0x000000008ff00000, 0x0000000090000000|  0%| F|  |TAMS 0x000000008ff00000, 0x000000008ff00000| Untracked 
| 106|0x0000000090000000, 0x0000000090000000, 0x0000000090100000|  0%| F|  |TAMS 0x0000000090000000, 0x0000000090000000| Untracked 
| 107|0x0000000090100000, 0x0000000090100000, 0x0000000090200000|  0%| F|  |TAMS 0x0000000090100000, 0x0000000090100000| Untracked 
| 108|0x0000000090200000, 0x0000000090200000, 0x0000000090300000|  0%| F|  |TAMS 0x0000000090200000, 0x0000000090200000| Untracked 
| 109|0x0000000090300000, 0x0000000090300000, 0x0000000090400000|  0%| F|  |TAMS 0x0000000090300000, 0x0000000090300000| Untracked 
| 110|0x0000000090400000, 0x0000000090400000, 0x0000000090500000|  0%| F|  |TAMS 0x0000000090400000, 0x0000000090400000| Untracked 
| 111|0x0000000090500000, 0x00000000905ec120, 0x0000000090600000| 92%| E|  |TAMS 0x0000000090500000, 0x0000000090500000| Complete 
| 112|0x0000000090600000, 0x0000000090700000, 0x0000000090700000|100%| E|CS|TAMS 0x0000000090600000, 0x0000000090600000| Complete 
| 113|0x0000000090700000, 0x0000000090800000, 0x0000000090800000|100%| E|CS|TAMS 0x0000000090700000, 0x0000000090700000| Complete 
| 114|0x0000000090800000, 0x0000000090900000, 0x0000000090900000|100%| E|CS|TAMS 0x0000000090800000, 0x0000000090800000| Complete 
| 115|0x0000000090900000, 0x0000000090a00000, 0x0000000090a00000|100%| E|CS|TAMS 0x0000000090900000, 0x0000000090900000| Complete 
| 116|0x0000000090a00000, 0x0000000090b00000, 0x0000000090b00000|100%| E|CS|TAMS 0x0000000090a00000, 0x0000000090a00000| Complete 
| 117|0x0000000090b00000, 0x0000000090c00000, 0x0000000090c00000|100%| E|CS|TAMS 0x0000000090b00000, 0x0000000090b00000| Complete 
| 118|0x0000000090c00000, 0x0000000090cfffb0, 0x0000000090d00000| 99%| E|  |TAMS 0x0000000090c00000, 0x0000000090c00000| Complete 
| 119|0x0000000090d00000, 0x0000000090e00000, 0x0000000090e00000|100%| E|CS|TAMS 0x0000000090d00000, 0x0000000090d00000| Complete 

Card table byte_map: [0x000001d8284f0000,0x000001d8288b0000] _byte_map_base: 0x000001d8280a5000

Marking Bits (Prev, Next): (CMBitMap*) 0x000001d80f6cd2e0, (CMBitMap*) 0x000001d80f6cd320
 Prev Bits: [0x000001d828c70000, 0x000001d82aa18000)
 Next Bits: [0x000001d82aa20000, 0x000001d82c7c8000)

Polling page: 0x000001d80f740000

Metaspace:

Usage:
  Non-class:      1.97 MB used.
      Class:    241.34 KB used.
       Both:      2.21 MB used.

Virtual space:
  Non-class space:        8.00 MB reserved,       2.00 MB ( 25%) committed,  1 nodes.
      Class space:        1.00 GB reserved,     320.00 KB ( <1%) committed,  1 nodes.
             Both:        1.01 GB reserved,       2.31 MB ( <1%) committed. 

Chunk freelists:
   Non-Class:  3.25 MB
       Class:  3.62 MB
        Both:  6.87 MB

MaxMetaspaceSize: unlimited
CompressedClassSpaceSize: 1.00 GB
Initial GC threshold: 21.00 MB
Current GC threshold: 21.00 MB
CDS: on
MetaspaceReclaimPolicy: balanced
 - commit_granule_bytes: 65536.
 - commit_granule_words: 8192.
 - virtual_space_node_default_size: 1048576.
 - enlarge_chunks_in_place: 1.
 - new_chunks_are_fully_committed: 0.
 - uncommit_free_chunks: 1.
 - use_allocation_guard: 0.
 - handle_deallocations: 1.


Internal statistics:

num_allocs_failed_limit: 0.
num_arena_births: 48.
num_arena_deaths: 0.
num_vsnodes_births: 2.
num_vsnodes_deaths: 0.
num_space_committed: 37.
num_space_uncommitted: 0.
num_chunks_returned_to_freelist: 0.
num_chunks_taken_from_freelist: 93.
num_chunk_merges: 0.
num_chunk_splits: 59.
num_chunks_enlarged: 42.
num_purges: 0.
num_inconsistent_stats: 0.

CodeHeap 'non-profiled nmethods': size=120000Kb used=189Kb max_used=189Kb free=119810Kb
 bounds [0x000001d820190000, 0x000001d820400000, 0x000001d8276c0000]
CodeHeap 'profiled nmethods': size=120000Kb used=767Kb max_used=767Kb free=119232Kb
 bounds [0x000001d8186c0000, 0x000001d818930000, 0x000001d81fbf0000]
CodeHeap 'non-nmethods': size=5760Kb used=1141Kb max_used=1155Kb free=4619Kb
 bounds [0x000001d81fbf0000, 0x000001d81fe60000, 0x000001d820190000]
 total_blobs=935 nmethods=522 adapters=326
 compilation: enabled
              stopped_count=0, restarted_count=0
 full_count=0

Compilation events (20 events):
Event: 0.267 Thread 0x000001d82f251650 nmethod 507 0x000001d8201ba510 code [0x000001d8201ba6a0, 0x000001d8201ba778]
Event: 0.267 Thread 0x000001d82f251650  506       1       java.nio.HeapByteBuffer::isDirect (2 bytes)
Event: 0.267 Thread 0x000001d82f251650 nmethod 506 0x000001d8201ba810 code [0x000001d8201ba9a0, 0x000001d8201baa78]
Event: 0.268 Thread 0x000001d82f251650  508       1       java.lang.NamedPackage::module (5 bytes)
Event: 0.268 Thread 0x000001d82f251650 nmethod 508 0x000001d8201bab10 code [0x000001d8201baca0, 0x000001d8201bad78]
Event: 0.269 Thread 0x000001d82feba6c0 nmethod 501% 0x000001d8201bae10 code [0x000001d8201bafa0, 0x000001d8201bb318]
Event: 0.269 Thread 0x000001d82feba6c0  509       4       java.lang.String::startsWith (138 bytes)
Event: 0.271 Thread 0x000001d82f24f890 nmethod 495 0x000001d8201bb590 code [0x000001d8201bb740, 0x000001d8201bbc88]
Event: 0.273 Thread 0x000001d82f251650  510   !   3       java.util.zip.InflaterInputStream::read (138 bytes)
Event: 0.273 Thread 0x000001d82f251650 nmethod 510 0x000001d81877e090 code [0x000001d81877e340, 0x000001d81877f018]
Event: 0.273 Thread 0x000001d82f251650  513   !   3       java.util.jar.JarFile::isMultiRelease (33 bytes)
Event: 0.274 Thread 0x000001d82f251650 nmethod 513 0x000001d81877f590 code [0x000001d81877f740, 0x000001d81877f948]
Event: 0.274 Thread 0x000001d82f251650  511       3       java.util.zip.InflaterInputStream::ensureOpen (18 bytes)
Event: 0.274 Thread 0x000001d82f251650 nmethod 511 0x000001d81877fa10 code [0x000001d81877fbc0, 0x000001d81877fdc8]
Event: 0.274 Thread 0x000001d82f251650  512       3       java.net.URLStreamHandler::parseURL (1201 bytes)
Event: 0.274 Thread 0x000001d82feba6c0 nmethod 509 0x000001d8201bbf90 code [0x000001d8201bc120, 0x000001d8201bc438]
Event: 0.274 Thread 0x000001d82feba6c0  517 %     4       java.lang.StringLatin1::indexOf @ 14 (121 bytes)
Event: 0.276 Thread 0x000001d82f24f890  519       4       jdk.internal.misc.Unsafe::putReferenceRelease (9 bytes)
Event: 0.277 Thread 0x000001d82f24f890 nmethod 519 0x000001d8201bc690 code [0x000001d8201bc800, 0x000001d8201bc938]
Event: 0.282 Thread 0x000001d82feba6c0 nmethod 517% 0x000001d8201bc990 code [0x000001d8201bcb20, 0x000001d8201bcff8]

GC Heap History (0 events):
No events

Deoptimization events (20 events):
Event: 0.166 Thread 0x000001d80f674bf0 DEOPT PACKING pc=0x000001d82019d6f4 sp=0x000000baa0ffeb10
Event: 0.166 Thread 0x000001d80f674bf0 DEOPT UNPACKING pc=0x000001d81fc45ba3 sp=0x000000baa0ffea50 mode 2
Event: 0.169 Thread 0x000001d80f674bf0 DEOPT PACKING pc=0x000001d8186f5ce8 sp=0x000000baa0ffdd10
Event: 0.169 Thread 0x000001d80f674bf0 DEOPT UNPACKING pc=0x000001d81fc466e3 sp=0x000000baa0ffd1a0 mode 0
Event: 0.196 Thread 0x000001d80f674bf0 Uncommon trap: trap_request=0xffffff45 fr.pc=0x000001d8201a3a64 relative=0x0000000000000064
Event: 0.196 Thread 0x000001d80f674bf0 Uncommon trap: reason=unstable_if action=reinterpret pc=0x000001d8201a3a64 method=java.io.WinNTFileSystem.isSlash(C)Z @ 9 c2
Event: 0.196 Thread 0x000001d80f674bf0 DEOPT PACKING pc=0x000001d8201a3a64 sp=0x000000baa0ffe610
Event: 0.197 Thread 0x000001d80f674bf0 DEOPT UNPACKING pc=0x000001d81fc45ba3 sp=0x000000baa0ffe598 mode 2
Event: 0.202 Thread 0x000001d80f674bf0 DEOPT PACKING pc=0x000001d8186ec2e7 sp=0x000000baa0ffa630
Event: 0.202 Thread 0x000001d80f674bf0 DEOPT UNPACKING pc=0x000001d81fc466e3 sp=0x000000baa0ff9a50 mode 0
Event: 0.223 Thread 0x000001d80f674bf0 DEOPT PACKING pc=0x000001d8186c7951 sp=0x000000baa0ffaa70
Event: 0.223 Thread 0x000001d80f674bf0 DEOPT UNPACKING pc=0x000001d81fc466e3 sp=0x000000baa0ff9ee8 mode 0
Event: 0.231 Thread 0x000001d80f674bf0 DEOPT PACKING pc=0x000001d8186fc4d6 sp=0x000000baa0ff9e80
Event: 0.231 Thread 0x000001d80f674bf0 DEOPT UNPACKING pc=0x000001d81fc466e3 sp=0x000000baa0ff9320 mode 0
Event: 0.242 Thread 0x000001d80f674bf0 Uncommon trap: trap_request=0xffffffde fr.pc=0x000001d8201a1108 relative=0x00000000000004a8
Event: 0.242 Thread 0x000001d80f674bf0 Uncommon trap: reason=class_check action=maybe_recompile pc=0x000001d8201a1108 method=java.util.HashMap.putVal(ILjava/lang/Object;Ljava/lang/Object;ZZ)Ljava/lang/Object; @ 253 c2
Event: 0.242 Thread 0x000001d80f674bf0 DEOPT PACKING pc=0x000001d8201a1108 sp=0x000000baa0ffeac0
Event: 0.242 Thread 0x000001d80f674bf0 DEOPT UNPACKING pc=0x000001d81fc45ba3 sp=0x000000baa0ffea60 mode 2
Event: 0.282 Thread 0x000001d80f674bf0 DEOPT PACKING pc=0x000001d8186fdde5 sp=0x000000baa0ffda90
Event: 0.282 Thread 0x000001d80f674bf0 DEOPT UNPACKING pc=0x000001d81fc466e3 sp=0x000000baa0ffcee0 mode 0

Classes unloaded (0 events):
No events

Classes redefined (0 events):
No events

Internal exceptions (3 events):
Event: 0.170 Thread 0x000001d82feb9eb0 Exception <a 'java/lang/NoSuchMethodError'{0x0000000090999e00}: 'java.lang.Object java.lang.invoke.DirectMethodHandle$Holder.invokeStaticInit(java.lang.Object)'> (0x0000000090999e00) 
thrown [s\open\src\hotspot\share\interpreter\linkResolver.cpp, line 759]
Event: 0.178 Thread 0x000001d82feb9eb0 Exception <a 'java/lang/NoSuchMethodError'{0x00000000909a7830}: 'void java.lang.invoke.DirectMethodHandle$Holder.invokeStatic(java.lang.Object, java.lang.Object)'> (0x00000000909a7830) 
thrown [s\open\src\hotspot\share\interpreter\linkResolver.cpp, line 759]
Event: 0.249 Thread 0x000001d80f674bf0 Exception <a 'java/lang/NoSuchMethodError'{0x00000000907742c8}: 'java.lang.Object java.lang.invoke.DirectMethodHandle$Holder.newInvokeSpecial(java.lang.Object, java.lang.Object, java.lang.Object, java.lang.Object, java.lang.Object)'> (0x00000000907742c8) 
thrown [s\open\src\hotspot\share\interpreter\linkResolver.cpp, line 759]

VM Operations (6 events):
Event: 0.074 Executing VM operation: HandshakeAllThreads
Event: 0.074 Executing VM operation: HandshakeAllThreads done
Event: 0.168 Executing VM operation: HandshakeAllThreads
Event: 0.168 Executing VM operation: HandshakeAllThreads done
Event: 0.196 Executing VM operation: HandshakeAllThreads
Event: 0.196 Executing VM operation: HandshakeAllThreads done

Events (20 events):
Event: 0.248 loading class java/lang/annotation/Documented
Event: 0.248 loading class java/lang/annotation/Documented done
Event: 0.257 loading class java/net/URL$2
Event: 0.257 loading class java/net/URL$2 done
Event: 0.257 loading class java/net/URL$1
Event: 0.257 loading class java/net/URL$1 done
Event: 0.257 loading class java/net/spi/URLStreamHandlerProvider
Event: 0.257 loading class java/net/spi/URLStreamHandlerProvider done
Event: 0.257 loading class sun/net/www/protocol/http/Handler
Event: 0.257 loading class sun/net/www/protocol/http/Handler done
Event: 0.258 loading class jdk/internal/module/ModulePatcher$PatchedModuleReader
Event: 0.258 loading class jdk/internal/module/ModulePatcher$PatchedModuleReader done
Event: 0.258 loading class sun/net/www/protocol/jrt/Handler
Event: 0.258 loading class sun/net/www/protocol/jrt/Handler done
Event: 0.260 loading class java/util/concurrent/CopyOnWriteArraySet
Event: 0.260 loading class java/util/concurrent/CopyOnWriteArraySet done
Event: 0.266 loading class javax/xml/stream/XMLStreamException
Event: 0.266 loading class javax/xml/stream/XMLStreamException done
Event: 0.277 loading class java/util/NoSuchElementException
Event: 0.277 loading class java/util/NoSuchElementException done


Dynamic libraries:
0x00007ff727790000 - 0x00007ff7277a0000 	C:\Program Files\Java\jdk-17\bin\java.exe
0x00007ffbc9650000 - 0x00007ffbc9867000 	C:\WINDOWS\SYSTEM32\ntdll.dll
0x00007ffbc75b0000 - 0x00007ffbc7674000 	C:\WINDOWS\System32\KERNEL32.DLL
0x00007ffbc6d30000 - 0x00007ffbc70ea000 	C:\WINDOWS\System32\KERNELBASE.dll
0x00007ffbc69c0000 - 0x00007ffbc6ad1000 	C:\WINDOWS\System32\ucrtbase.dll
0x00007ffbaeff0000 - 0x00007ffbaf009000 	C:\Program Files\Java\jdk-17\bin\jli.dll
0x00007ffbb00e0000 - 0x00007ffbb00fb000 	C:\Program Files\Java\jdk-17\bin\VCRUNTIME140.dll
0x00007ffbc8510000 - 0x00007ffbc85c2000 	C:\WINDOWS\System32\ADVAPI32.dll
0x00007ffbc78f0000 - 0x00007ffbc7997000 	C:\WINDOWS\System32\msvcrt.dll
0x00007ffbc7c80000 - 0x00007ffbc7d27000 	C:\WINDOWS\System32\sechost.dll
0x00007ffbc70f0000 - 0x00007ffbc7118000 	C:\WINDOWS\System32\bcrypt.dll
0x00007ffbc8270000 - 0x00007ffbc8384000 	C:\WINDOWS\System32\RPCRT4.dll
0x00007ffbc73a0000 - 0x00007ffbc754e000 	C:\WINDOWS\System32\USER32.dll
0x00007ffbc6d00000 - 0x00007ffbc6d26000 	C:\WINDOWS\System32\win32u.dll
0x00007ffbaf2e0000 - 0x00007ffbaf572000 	C:\WINDOWS\WinSxS\amd64_microsoft.windows.common-controls_6595b64144ccf1df_6.0.22621.4541_none_2710d1c57384c085\COMCTL32.dll
0x00007ffbc84d0000 - 0x00007ffbc84f9000 	C:\WINDOWS\System32\GDI32.dll
0x00007ffbc6be0000 - 0x00007ffbc6cfb000 	C:\WINDOWS\System32\gdi32full.dll
0x00007ffbc6920000 - 0x00007ffbc69ba000 	C:\WINDOWS\System32\msvcp_win.dll
0x00007ffbbea90000 - 0x00007ffbbea9a000 	C:\WINDOWS\SYSTEM32\VERSION.dll
0x00007ffbc8400000 - 0x00007ffbc8431000 	C:\WINDOWS\System32\IMM32.DLL
0x00007ffbbfaa0000 - 0x00007ffbbfaac000 	C:\Program Files\Java\jdk-17\bin\vcruntime140_1.dll
0x00007ffb7ff90000 - 0x00007ffb8001e000 	C:\Program Files\Java\jdk-17\bin\msvcp140.dll
0x00007ffb4a4f0000 - 0x00007ffb4b0cd000 	C:\Program Files\Java\jdk-17\bin\server\jvm.dll
0x00007ffbc95e0000 - 0x00007ffbc95e8000 	C:\WINDOWS\System32\PSAPI.DLL
0x00007ffbbfa20000 - 0x00007ffbbfa29000 	C:\WINDOWS\SYSTEM32\WSOCK32.dll
0x00007ffbbee80000 - 0x00007ffbbeeb4000 	C:\WINDOWS\SYSTEM32\WINMM.dll
0x00007ffbc8450000 - 0x00007ffbc84c1000 	C:\WINDOWS\System32\WS2_32.dll
0x00007ffbc5920000 - 0x00007ffbc5938000 	C:\WINDOWS\SYSTEM32\kernel.appcore.dll
0x00007ffbb8490000 - 0x00007ffbb849a000 	C:\Program Files\Java\jdk-17\bin\jimage.dll
0x00007ffbc4040000 - 0x00007ffbc4272000 	C:\WINDOWS\SYSTEM32\DBGHELP.DLL
0x00007ffbc7d30000 - 0x00007ffbc80bf000 	C:\WINDOWS\System32\combase.dll
0x00007ffbc7aa0000 - 0x00007ffbc7b77000 	C:\WINDOWS\System32\OLEAUT32.dll
0x00007ffb853e0000 - 0x00007ffb85412000 	C:\WINDOWS\SYSTEM32\dbgcore.DLL
0x00007ffbc6ae0000 - 0x00007ffbc6b5b000 	C:\WINDOWS\System32\bcryptPrimitives.dll
0x00007ffbb9170000 - 0x00007ffbb917e000 	C:\Program Files\Java\jdk-17\bin\instrument.dll
0x00007ffbad990000 - 0x00007ffbad9b5000 	C:\Program Files\Java\jdk-17\bin\java.dll
0x00007ffb723c0000 - 0x00007ffb72497000 	C:\Program Files\Java\jdk-17\bin\jsvml.dll
0x00007ffbc85d0000 - 0x00007ffbc8e48000 	C:\WINDOWS\System32\SHELL32.dll
0x00007ffbc4760000 - 0x00007ffbc5068000 	C:\WINDOWS\SYSTEM32\windows.storage.dll
0x00007ffbc4620000 - 0x00007ffbc475f000 	C:\WINDOWS\SYSTEM32\wintypes.dll
0x00007ffbc79a0000 - 0x00007ffbc7a9a000 	C:\WINDOWS\System32\SHCORE.dll
0x00007ffbc9040000 - 0x00007ffbc909e000 	C:\WINDOWS\System32\shlwapi.dll
0x00007ffbc6850000 - 0x00007ffbc687b000 	C:\WINDOWS\SYSTEM32\profapi.dll
0x00007ffbacd60000 - 0x00007ffbacd78000 	C:\Program Files\Java\jdk-17\bin\zip.dll
0x00007ffbad970000 - 0x00007ffbad989000 	C:\Program Files\Java\jdk-17\bin\net.dll
0x00007ffbc2be0000 - 0x00007ffbc2d16000 	C:\WINDOWS\SYSTEM32\WINHTTP.dll
0x00007ffbc5d90000 - 0x00007ffbc5df9000 	C:\WINDOWS\system32\mswsock.dll
0x00007ffbad950000 - 0x00007ffbad966000 	C:\Program Files\Java\jdk-17\bin\nio.dll
0x00007ffb84f50000 - 0x00007ffb84f6a000 	C:\Program Files\JetBrains\IntelliJ IDEA 2021.3.3\bin\breakgen64.dll

dbghelp: loaded successfully - version: 4.0.5 - missing functions: none
symbol engine: initialized successfully - sym options: 0x614 - pdb path: .;C:\Program Files\Java\jdk-17\bin;C:\WINDOWS\SYSTEM32;C:\WINDOWS\WinSxS\amd64_microsoft.windows.common-controls_6595b64144ccf1df_6.0.22621.4541_none_2710d1c57384c085;C:\Program Files\Java\jdk-17\bin\server;C:\Program Files\JetBrains\IntelliJ IDEA 2021.3.3\bin

VM Arguments:
jvm_args: -javaagent:C:\Program Files\JetBrains\IntelliJ IDEA 2021.3.3\lib\idea_rt.jar=58344:C:\Program Files\JetBrains\IntelliJ IDEA 2021.3.3\bin -Dfile.encoding=UTF-8 
java_command: Server.ServerJWS
java_class_path (initial): C:\Users\h.rabih\Desktop\II-BDCC\S1\java\TP_JAVA\TP2_JAVA\TpWs-server\target\classes;C:\Users\h.rabih\.m2\repository\org\projectlombok\lombok\1.18.36\lombok-1.18.36.jar;C:\Users\h.rabih\.m2\repository\com\sun\xml\ws\jaxws-rt\4.0.3\jaxws-rt-4.0.3.jar;C:\Users\h.rabih\.m2\repository\com\sun\xml\bind\jaxb-impl\4.0.5\jaxb-impl-4.0.5.jar;C:\Users\h.rabih\.m2\repository\com\sun\xml\bind\jaxb-core\4.0.5\jaxb-core-4.0.5.jar;C:\Users\h.rabih\.m2\repository\org\glassfish\ha\ha-api\3.1.13\ha-api-3.1.13.jar;C:\Users\h.rabih\.m2\repository\org\glassfish\external\management-api\3.2.3\management-api-3.2.3.jar;C:\Users\h.rabih\.m2\repository\org\glassfish\gmbal\gmbal-api-only\4.0.3\gmbal-api-only-4.0.3.jar;C:\Users\h.rabih\.m2\repository\org\jvnet\staxex\stax-ex\2.1.0\stax-ex-2.1.0.jar;C:\Users\h.rabih\.m2\repository\com\sun\xml\stream\buffer\streambuffer\2.1.0\streambuffer-2.1.0.jar;C:\Users\h.rabih\.m2\repository\org\jvnet\mimepull\mimepull\1.10.0\mimepull-1.10.0.jar;C:\Users\h.rabih\.m2\repository\com\sun\xml\fastinfoset\FastInfoset\2.1.1\FastInfoset-2.1.1.jar;C:\Users\h.rabih\.m2\repository\jakarta\mail\jakarta.mail-api\2.1.3\jakarta.mail-api-2.1.3.jar;C:\Users\h.rabih\.m2\repository\org\eclipse\angus\angus-activation\2.0.2\angus-activation-2.0.2.jar;C:\Users\h.rabih\.m2\repository\org\eclipse\angus\angus-mail\2.0.3\angus-mail-2.0.3.jar;C:\Users\h.rabih\.m2\repository\com\sun\xml\messaging\saaj\saaj-impl\3.0.4\saaj-impl-3.0.4.jar;C:\Users\h.rabih\.m2\repository\com\fasterxml\woodstox\woodstox-core\7.0.0\woodstox-core-7.0.0.jar;C:\Users\h.rabih\.m2\repository\org\codehaus\woodstox\stax2-api\4.2.2\stax2-api-4.2.2.jar;C:\Users\h.rabih\.m2\repository\com\sun\xml\ws\jaxws-tools\4.0.3\jaxws-tools-4.0.3.jar;C:\Users\h.rabih\.m2\repository\com\sun\xml\bind\jaxb-xjc\4.0.5\jaxb-xjc-4.0.5.jar;C:\Users\h.rabih\.m2\repository\com\sun\xml\bind\jaxb-jxc\4.0.5\jaxb-jxc-4.0.5.jar;C:\Users\h.rabih\.m2\repository\com\sun\xml\ws\jaxws-eclipselink-plugin\4.0.3\jaxws-ecl
Launcher Type: SUN_STANDARD

[Global flags]
     intx CICompilerCount                          = 4                                         {product} {ergonomic}
     uint ConcGCThreads                            = 2                                         {product} {ergonomic}
     uint G1ConcRefinementThreads                  = 8                                         {product} {ergonomic}
   size_t G1HeapRegionSize                         = 1048576                                   {product} {ergonomic}
    uintx GCDrainStackTargetSize                   = 64                                        {product} {ergonomic}
   size_t InitialHeapSize                          = 125829120                                 {product} {ergonomic}
   size_t MarkStackSize                            = 4194304                                   {product} {ergonomic}
   size_t MaxHeapSize                              = 1990197248                                {product} {ergonomic}
   size_t MaxNewSize                               = 1193279488                                {product} {ergonomic}
   size_t MinHeapDeltaBytes                        = 1048576                                   {product} {ergonomic}
   size_t MinHeapSize                              = 8388608                                   {product} {ergonomic}
    uintx NonNMethodCodeHeapSize                   = 5839372                                {pd product} {ergonomic}
    uintx NonProfiledCodeHeapSize                  = 122909434                              {pd product} {ergonomic}
    uintx ProfiledCodeHeapSize                     = 122909434                              {pd product} {ergonomic}
    uintx ReservedCodeCacheSize                    = 251658240                              {pd product} {ergonomic}
     bool SegmentedCodeCache                       = true                                      {product} {ergonomic}
   size_t SoftMaxHeapSize                          = 1990197248                             {manageable} {ergonomic}
     bool UseCompressedClassPointers               = true                           {product lp64_product} {ergonomic}
     bool UseCompressedOops                        = true                           {product lp64_product} {ergonomic}
     bool UseG1GC                                  = true                                      {product} {ergonomic}
     bool UseLargePagesIndividualAllocation        = false                                  {pd product} {ergonomic}

Logging:
Log output configuration:
 #0: stdout all=warning uptime,level,tags
 #1: stderr all=off uptime,level,tags

Environment Variables:
PATH=C:\Program Files\Common Files\Oracle\Java\javapath;C:\WINDOWS\system32;C:\WINDOWS;C:\WINDOWS\System32\Wbem;C:\WINDOWS\System32\WindowsPowerShell\v1.0\;C:\WINDOWS\System32\OpenSSH\;C:\Program Files (x86)\Microsoft SQL Server\150\Tools\Binn\;C:\Program Files\Microsoft SQL Server\150\Tools\Binn\;C:\Program Files (x86)\Microsoft SQL Server\150\DTS\Binn\;C:\Program Files\Microsoft SQL Server\150\DTS\Binn\;C:\Program Files\Microsoft SQL Server\Client SDK\ODBC\170\Tools\Binn\;C:\Program Files (x86)\Microsoft SQL Server\160\DTS\Binn\;C:\Program Files\Azure Data Studio\bin;C:\Program Files\nodejs\;C:\Program Files\Git\cmd;C:\Users\h.rabih\AppData\Local\Microsoft\WindowsApps;C:\Users\h.rabih\AppData\Roaming\npm;C:\Users\h.rabih\AppData\Local\Programs\Microsoft VS Code\bin;
USERNAME=h.rabih
OS=Windows_NT
PROCESSOR_IDENTIFIER=Intel64 Family 6 Model 140 Stepping 1, GenuineIntel



---------------  S Y S T E M  ---------------

OS:
 Windows 11 , 64 bit Build 22621 (10.0.22621.4391)
OS uptime: 1 days 23:22 hours
Hyper-V role detected

CPU: total 8 (initial active 8) (4 cores per cpu, 2 threads per core) family 6 model 140 stepping 1 microcode 0xb8, cx8, cmov, fxsr, ht, mmx, 3dnowpref, sse, sse2, sse3, ssse3, sse4.1, sse4.2, popcnt, lzcnt, tsc, tscinvbit, avx, avx2, aes, erms, clmul, bmi1, bmi2, adx, avx512f, avx512dq, avx512cd, avx512bw, avx512vl, sha, fma, vzeroupper, avx512_vpopcntdq, avx512_vpclmulqdq, avx512_vaes, avx512_vnni, clflush, clflushopt, clwb, avx512_vbmi2, avx512_vbmi, hv

Memory: 4k page, system-wide physical 7589M (694M free)
TotalPageFile size 9637M (AvailPageFile size 4M)
current process WorkingSet (physical memory assigned to process): 51M, peak: 51M
current process commit charge ("private bytes"): 211M, peak: 212M

vm_info: Java HotSpot(TM) 64-Bit Server VM (17.0.7+8-LTS-224) for windows-amd64 JRE (17.0.7+8-LTS-224), built on Feb 28 2023 23:03:02 by "mach5one" with MS VC++ 17.1 (VS2022)

END.
